0 info it worked if it ends with ok
1 verbose cli [ 'node', '/usr/local/bin/npm', 'install', '-g', 'subl' ]
2 info using npm@1.2.21
3 info using node@v0.10.7
4 verbose read json /usr/local/lib/package.json
5 verbose read json /usr/local/lib/package.json
6 verbose cache add [ 'subl', null ]
7 verbose cache add name=undefined spec="subl" args=["subl",null]
8 verbose parsed url { protocol: null,
8 verbose parsed url   slashes: null,
8 verbose parsed url   auth: null,
8 verbose parsed url   host: null,
8 verbose parsed url   port: null,
8 verbose parsed url   hostname: null,
8 verbose parsed url   hash: null,
8 verbose parsed url   search: null,
8 verbose parsed url   query: null,
8 verbose parsed url   pathname: 'subl',
8 verbose parsed url   path: 'subl',
8 verbose parsed url   href: 'subl' }
9 silly lockFile 83538dd0-subl subl
10 verbose lock subl /Users/aborche/.npm/83538dd0-subl.lock
11 silly lockFile 83538dd0-subl subl
12 silly lockFile 83538dd0-subl subl
13 verbose addNamed [ 'subl', '' ]
14 verbose addNamed [ null, '' ]
15 silly lockFile 6c896c65-subl subl@
16 verbose lock subl@ /Users/aborche/.npm/6c896c65-subl.lock
17 silly addNameRange { name: 'subl', range: '', hasData: false }
18 verbose url raw subl
19 verbose url resolving [ 'https://registry.npmjs.org/', './subl' ]
20 verbose url resolved https://registry.npmjs.org/subl
21 info trying registry request attempt 1 at 18:35:49
22 http GET https://registry.npmjs.org/subl
23 http 404 https://registry.npmjs.org/subl
24 silly registry.get cb [ 404,
24 silly registry.get   { date: 'Fri, 27 Dec 2013 00:35:49 GMT',
24 silly registry.get     server: 'CouchDB/1.5.0 (Erlang OTP/R15B03)',
24 silly registry.get     'content-type': 'application/json',
24 silly registry.get     'cache-control': 'max-age=0',
24 silly registry.get     'content-length': '52',
24 silly registry.get     'accept-ranges': 'bytes',
24 silly registry.get     via: '1.1 varnish',
24 silly registry.get     age: '0',
24 silly registry.get     'x-served-by': 'cache-c32-CHI',
24 silly registry.get     'x-cache': 'MISS',
24 silly registry.get     'x-cache-hits': '0',
24 silly registry.get     'x-timer': 'S1388104549.618959188,VS0,VE36',
24 silly registry.get     'keep-alive': 'timeout=10, max=50',
24 silly registry.get     connection: 'Keep-Alive' } ]
25 silly lockFile 6c896c65-subl subl@
26 silly lockFile 6c896c65-subl subl@
27 error 404 'subl' is not in the npm registry.
27 error 404 You should bug the author to publish it
27 error 404
27 error 404 Note that you can also install from a
27 error 404 tarball, folder, or http url, or git url.
28 error System Darwin 12.5.0
29 error command "node" "/usr/local/bin/npm" "install" "-g" "subl"
30 error cwd /Users/aborche/Documents/sandbox/scorecard
31 error node -v v0.10.7
32 error npm -v 1.2.21
33 error code E404
34 verbose exit [ 1, true ]
